C51 COMPILER V9.60.0.0   MAIN                                                              10/04/2024 19:08:51 PAGE 1   


C51 COMPILER V9.60.0.0, COMPILATION OF MODULE MAIN
OBJECT MODULE PLACED IN .\src\main.OBJ
COMPILER INVOKED BY: C:\SiliconLabs\SimplicityStudio\v5\developer\toolchains\keil_8051\9.60\BIN\C51.exe C:\Users\Yoshida
                    -_Lab\SimplicityStudio\v5_workspace\temperature_measurement\src\main.c OMF2 SMALL DEBUG OBJECTEXTEND ROM(LARGE) WARNINGLE
                    -VEL(2) FLOATFUZZY(3) OPTIMIZE(8,SPEED) DEFINE(DEBUG=1) INTVECTOR(0X0000) INTPROMOTE INCDIR(C:\Users\Yoshida_Lab\Simplici
                    -tyStudio\v5_workspace\temperature_measurement\inc;C:/SiliconLabs/SimplicityStudio/v5/developer/sdks/8051/v4.3.1//Device/
                    -shared/si8051Base;C:/SiliconLabs/SimplicityStudio/v5/developer/sdks/8051/v4.3.1//Device/EFM8SB1/inc) PRINT(.\src\main.ls
                    -t) COND PAGEWIDTH(120) PAGELENGTH(65) OBJECT(.\src\main.OBJ)

line level    source

   1          #include <SI_EFM8SB1_Register_Enums.h>                  // SI_SFR declarations
   2          #include "InitDevice.h"
   3          
   4          //SDA:0.3
   5          //SCL:0.4
   6          
   7          sbit pin05 = P0^5;
   8          int send_data[3];
   9          int ms;
  10          int i;
  11          uint8_t slave;
  12          uint8_t send_data1;
  13          uint8_t send_data2;
  14          uint8_t max_count;
  15          uint8_t receive_data_first;
  16          uint8_t receive_data_second;
  17          
  18          void delay_ms (ms);
  19          void smbus0 (slave);//スレイブアドレスを送るだけ、読み込み用
  20          void smbus1 (slave,send_data1);//スレイブアドレスに加えて1つデータを送る
  21          void smbus2 (slave,send_data1, send_data2);//スレイブアドレスに加えて2つデータを送る
  22          void LCD_Init(void);//LCDの設定をする
  23          void LCD_Data(void);//LCDにデータを送る
  24          
  25          void SiLabs_Startup (void) {}
  26          int main (void)
  27          {
  28   1              enter_DefaultMode_from_RESET();
  29   1              enter_Mode2_from_DefaultMode();
  30   1              LCD_Init();
  31   1      
  32   1              while(1){
  33   2                  smbus1(0x90, 0x00); //2つデータを送信
  34   2                  smbus0(0x91); //1つデータを送信
  35   2            LCD_Data();
  36   2              }
  37   1      }
  38          
  39          void smbus0 (slave)
  40          {
  41   1        send_data[0] = slave;
  42   1        max_count = 0;
  43   1        SMB0CN0_STA = 1;
  44   1        delay_ms(10);
  45   1      }
  46          
  47          void smbus1 (slave, send_data1)
  48          {
  49   1        send_data[0] = slave;
  50   1        send_data[1] = send_data1;
  51   1        max_count = 1;
C51 COMPILER V9.60.0.0   MAIN                                                              10/04/2024 19:08:51 PAGE 2   

  52   1        SMB0CN0_STA = 1;
  53   1        delay_ms(10);
  54   1      }
  55          
  56          void smbus2 (slave, send_data1, send_data2)
  57          {
  58   1        send_data[0] = slave;
  59   1        send_data[1] = send_data1;
  60   1        send_data[2] = send_data2;
  61   1        max_count = 2;
  62   1        SMB0CN0_STA = 1;
  63   1        delay_ms(10);
  64   1      }
  65          
  66          void LCD_Init(){
  67   1        smbus2(0x7C, 0x00, 0x38);
  68   1        smbus2(0x7C, 0x00, 0x39);
  69   1        smbus2(0x7C, 0x00, 0x14);
  70   1        smbus2(0x7C, 0x00, 0x53);
  71   1        smbus2(0x7C, 0x00, 0x73);
  72   1        smbus2(0x7C, 0x00, 0x6C);
  73   1        smbus2(0x7C, 0x00, 0x0C);
  74   1        smbus2(0x7C, 0x00, 0x01);
  75   1      }
  76          
  77          void LCD_Data(){
  78   1        smbus2(0x7C, 0x00, 0x80);//場所の指定
  79   1        for(i = 7; i >= 0; i--) {
  80   2            char receive_data_bit =(receive_data_first>>i) & 1;
  81   2            if(receive_data_bit == 0){
  82   3                smbus2(0x7C, 0x40, 0x30);//文字コード 0
  83   3            }
  84   2            else{
  85   3                smbus2(0x7C, 0x40, 0x31);//文字コード 1
  86   3            }
  87   2        }
  88   1      
  89   1        for(i = 7; i >= 0; i--) {
  90   2            char receive_data_bit =(receive_data_second>>i) & 1;
  91   2            if(receive_data_bit == 0){
  92   3                smbus2(0x7C, 0x40, 0x30);//文字コード
  93   3            }
  94   2            else{
  95   3                smbus2(0x7C, 0x40, 0x31);//文字コード
  96   3            }
  97   2         }
  98   1      }
  99          
 100          void delay_ms (ms)
 101          {
 102   1         TCON &= ~0x30;                      // Stop Timer0; Clear TCON_TF0
 103   1         TMOD &= ~0x0f;                      // 16-bit free run mode
 104   1         TMOD |=  0x01;
 105   1      
 106   1         CKCON0 |= 0x04;                      // Timer0 counts SYSCLKs
 107   1      
 108   1         while (ms) {
 109   2            TCON_TR0 = 0;                         // Stop Timer0
 110   2            TH0 = ((-24500000/1000) >> 8);     // Overflow in 1ms
 111   2            TL0 = ((-24500000/1000) & 0xFF);
 112   2            TCON_TF0 = 0;                         // Clear overflow indicator
 113   2            TCON_TR0 = 1;                         // Start Timer0
 114   2            while (!TCON_TF0);                    // Wait for overflow
C51 COMPILER V9.60.0.0   MAIN                                                              10/04/2024 19:08:51 PAGE 3   

 115   2            ms--;                            // Update ms counter
 116   2         }
 117   1      
 118   1         TCON_TR0 = 0;                            // Stop Timer0
 119   1      }


MODULE INFORMATION:   STATIC OVERLAYABLE
   CODE SIZE        =    339    ----
   CONSTANT SIZE    =   ----    ----
   XDATA SIZE       =   ----    ----
   PDATA SIZE       =   ----    ----
   DATA SIZE        =     16       1
   IDATA SIZE       =   ----    ----
   BIT SIZE         =   ----    ----
   EDATA SIZE       =   ----    ----
   HDATA SIZE       =   ----    ----
   XDATA CONST SIZE =   ----    ----
   FAR CONST SIZE   =   ----    ----
END OF MODULE INFORMATION.


C51 COMPILATION COMPLETE.  0 WARNING(S),  0 ERROR(S)
